# JRE version: OpenJDK Runtime Environment Zulu17.34+19-CA (17.0.3+7) (build 17.0.3+7-LTS)
# Java VM: OpenJDK 64-Bit Server VM Zulu17.34+19-CA (17.0.3+7-LTS, mixed mode, sharing, tiered, compressed oops, compressed class ptrs, g1 gc, windows-amd64)
GC Precious Log:
 CPUs: 16 total, 16 available
 Memory: 16088M
 Large Page Support: Disabled
 NUMA Support: Disabled
 Compressed Oops: Enabled (Zero based)
 Heap Region Size: 2M
 Heap Min Capacity: 8M
 Heap Initial Capacity: 252M
 Heap Max Capacity: 4024M
 Pre-touch: Disabled
 Parallel Workers: 13
 Concurrent Workers: 3
 Concurrent Refinement Workers: 13
 Periodic GC: Disabled
Heap:
 garbage-first heap   total 258048K, used 14091K [0x0000000704800000, 0x0000000800000000)
  region size 2048K, 6 young (12288K), 1 survivors (2048K)
 Metaspace       used 8426K, committed 8640K, reserved 1064960K
  class space    used 430K, committed 512K, reserved 1048576K
GC Heap History (6 events):
Event: 0.743 GC heap before
{Heap before GC invocations=0 (full 0):
 garbage-first heap   total 258048K, used 22528K [0x0000000704800000, 0x0000000800000000)
  region size 2048K, 11 young (22528K), 0 survivors (0K)
 Metaspace       used 7032K, committed 7232K, reserved 1064960K
  class space    used 359K, committed 448K, reserved 1048576K
}
Event: 0.747 GC heap after
{Heap after GC invocations=1 (full 0):
 garbage-first heap   total 258048K, used 4096K [0x0000000704800000, 0x0000000800000000)
  region size 2048K, 2 young (4096K), 2 survivors (4096K)
 Metaspace       used 7032K, committed 7232K, reserved 1064960K
  class space    used 359K, committed 448K, reserved 1048576K
}
Event: 6.708 GC heap before
{Heap before GC invocations=1 (full 0):
 garbage-first heap   total 258048K, used 32768K [0x0000000704800000, 0x0000000800000000)
  region size 2048K, 16 young (32768K), 2 survivors (4096K)
 Metaspace       used 8233K, committed 8448K, reserved 1064960K
  class space    used 424K, committed 512K, reserved 1048576K
}
Event: 6.711 GC heap after
{Heap after GC invocations=2 (full 0):
 garbage-first heap   total 258048K, used 5899K [0x0000000704800000, 0x0000000800000000)
  region size 2048K, 1 young (2048K), 1 survivors (2048K)
 Metaspace       used 8233K, committed 8448K, reserved 1064960K
  class space    used 424K, committed 512K, reserved 1048576K
}
Event: 30.801 GC heap before
{Heap before GC invocations=2 (full 0):
 garbage-first heap   total 258048K, used 157451K [0x0000000704800000, 0x0000000800000000)
  region size 2048K, 75 young (153600K), 1 survivors (2048K)
 Metaspace       used 8426K, committed 8640K, reserved 1064960K
  class space    used 430K, committed 512K, reserved 1048576K
}
Event: 30.803 GC heap after
{Heap after GC invocations=3 (full 0):
 garbage-first heap   total 258048K, used 5899K [0x0000000704800000, 0x0000000800000000)
  region size 2048K, 1 young (2048K), 1 survivors (2048K)
 Metaspace       used 8426K, committed 8640K, reserved 1064960K
  class space    used 430K, committed 512K, reserved 1048576K
}

